#
# A fatal error has been detected by the Java Runtime Environment:
#
#  EXCEPTION_ACCESS_VIOLATION (0xc0000005) at pc=0x0000000059b71db2, pid=5328, tid=1696
#
# JRE version: Java(TM) SE Runtime Environment (8.0_05-b13) (build 1.8.0_05-b13)
# Java VM: Java HotSpot(TM) 64-Bit Server VM (25.5-b02 mixed mode windows-amd64 compressed oops)
# Problematic frame:
# V  [jvm.dll+0x221db2]
#
# Failed to write core dump. Minidumps are not enabled by default on client versions of Windows
#
# If you would like to submit a bug report, please visit:
#   http://bugreport.sun.com/bugreport/crash.jsp
#

---------------  T H R E A D  ---------------

Current thread (0x00000000178d4800):  JavaThread "C1 CompilerThread3" daemon [_thread_in_native, id=1696, stack(0x00000000181a0000,0x00000000182a0000)]

siginfo: ExceptionCode=0xc0000005, reading address 0x0000000000000008

Registers:
RAX=0x0000000059f61e00, RBX=0x000000001b3e1ce0, RCX=0x000000001b3e1ce0, RDX=0x000000001b3e1ce0
RSP=0x000000001829ea98, RBP=0x000000001829ebc0, RSI=0x0000000000000000, RDI=0x000000001829edc0
R8 =0x000000001829ead0, R9 =0x000000001b3e1ce0, R10=0x0000000000000000, R11=0x000000001b3e1ca0
R12=0x0000000000000000, R13=0x0000000000000001, R14=0x000000001b3e1b20, R15=0x0000000000000000
RIP=0x0000000059b71db2, EFLAGS=0x0000000000010246

Top of Stack: (sp=0x000000001829ea98)
0x000000001829ea98:   0000000059d34eec 000000001829edc0
0x000000001829eaa8:   000000001b3e1ac0 000000001b3e1910
0x000000001829eab8:   0000000000000001 000000001829eb01
0x000000001829eac8:   0000000059d30f2c 0000000059f64af8
0x000000001829ead8:   000000001829f0c0 000000001b3e1ce0
0x000000001829eae8:   0000000000000004 000000001829edc0
0x000000001829eaf8:   0000000059d3b468 0000000000000000
0x000000001829eb08:   0000000000000000 000000001b3e1ce0
0x000000001829eb18:   00000000000000b4 0000000000000001
0x000000001829eb28:   000000001829edc0 0000000000000000
0x000000001829eb38:   00000000000000b0 0000000000000001
0x000000001829eb48:   0000000059d3e6ff 000000001829ebc0
0x000000001829eb58:   0000000000000000 0000000019eeadc4
0x000000001829eb68:   000000001829edc0 0000000019ee9e90
0x000000001829eb78:   0000000019ee9f50 0000000019eeadc4
0x000000001829eb88:   0000000000000000 0000000000000000 

Instructions: (pc=0x0000000059b71db2)
0x0000000059b71d92:   85 b0 00 00 00 48 39 78 08 0f 84 d7 00 00 00 4d
0x0000000059b71da2:   8b a6 18 01 00 00 45 33 c0 33 d2 49 8b 44 24 10
0x0000000059b71db2:   4d 8b 6c 24 08 49 8b ce 48 89 44 24 68 49 8b 44
0x0000000059b71dc2:   24 18 48 89 44 24 58 49 8b 44 24 20 48 89 44 24 


Register to memory mapping:

RAX=0x0000000059f61e00 is an unknown value
RBX=0x000000001b3e1ce0 is an unknown value
RCX=0x000000001b3e1ce0 is an unknown value
RDX=0x000000001b3e1ce0 is an unknown value
RSP=0x000000001829ea98 is pointing into the stack for thread: 0x00000000178d4800
RBP=0x000000001829ebc0 is pointing into the stack for thread: 0x00000000178d4800
RSI=0x0000000000000000 is an unknown value
RDI=0x000000001829edc0 is pointing into the stack for thread: 0x00000000178d4800
R8 =0x000000001829ead0 is pointing into the stack for thread: 0x00000000178d4800
R9 =0x000000001b3e1ce0 is an unknown value
R10=0x0000000000000000 is an unknown value
R11=0x000000001b3e1ca0 is an unknown value
R12=0x0000000000000000 is an unknown value
R13=0x0000000000000001 is an unknown value
R14=0x000000001b3e1b20 is an unknown value
R15=0x0000000000000000 is an unknown value


Stack: [0x00000000181a0000,0x00000000182a0000],  sp=0x000000001829ea98,  free space=1018k
Native frames: (J=compiled Java code, j=interpreted, Vv=VM code, C=native code)
V  [jvm.dll+0x221db2]
C  0x000000001829edc0


Current CompileTask:
C1:1286835 12980       1       com.google.common.collect.AbstractMapBasedMultimap$WrappedCollection::getDelegate (5 bytes)


---------------  P R O C E S S  ---------------

Java Threads: ( => current thread )
  0x0000000019868000 JavaThread "stdout" [_thread_in_vm, id=2192, stack(0x0000000026e10000,0x0000000026f10000)]
  0x0000000019869000 JavaThread "stderr" [_thread_in_native, id=5288, stack(0x0000000026d10000,0x0000000026e10000)]
  0x0000000019867800 JavaThread "stdout" [_thread_in_native, id=4524, stack(0x0000000026c10000,0x0000000026d10000)]
  0x0000000019866800 JavaThread "stderr" [_thread_in_native, id=3724, stack(0x0000000026b10000,0x0000000026c10000)]
  0x0000000019864800 JavaThread "stdout" [_thread_in_native, id=1092, stack(0x0000000026a10000,0x0000000026b10000)]
  0x0000000019865000 JavaThread "stderr" [_thread_in_native, id=3624, stack(0x0000000025c10000,0x0000000025d10000)]
  0x0000000019860800 JavaThread "stdout" [_thread_in_native, id=3608, stack(0x0000000028010000,0x0000000028110000)]
  0x0000000019863800 JavaThread "stderr" [_thread_in_native, id=2540, stack(0x0000000027f10000,0x0000000028010000)]
  0x000000001985f000 JavaThread "stdout" [_thread_in_native, id=1340, stack(0x0000000027210000,0x0000000027310000)]
  0x000000001cd8c000 JavaThread "stderr" [_thread_in_native, id=3920, stack(0x0000000027110000,0x0000000027210000)]
  0x0000000019e1d000 JavaThread "pool-11-thread-8" [_thread_in_native, id=3180, stack(0x0000000025910000,0x0000000025a10000)]
  0x0000000019e1e800 JavaThread "pool-11-thread-7" [_thread_blocked, id=3284, stack(0x0000000025360000,0x0000000025460000)]
  0x0000000019e20000 JavaThread "pool-11-thread-6" [_thread_blocked, id=992, stack(0x0000000021c10000,0x0000000021d10000)]
  0x0000000019e1f000 JavaThread "pool-11-thread-5" [_thread_in_native, id=2448, stack(0x0000000021690000,0x0000000021790000)]
  0x0000000019e1b800 JavaThread "pool-11-thread-4" [_thread_in_native, id=2488, stack(0x0000000020880000,0x0000000020980000)]
  0x0000000019e17000 JavaThread "pool-11-thread-3" [_thread_blocked, id=4180, stack(0x0000000020170000,0x0000000020270000)]
  0x0000000019e16000 JavaThread "pool-11-thread-2" [_thread_blocked, id=5388, stack(0x000000001ee20000,0x000000001ef20000)]
  0x0000000019e17800 JavaThread "pool-11-thread-1" [_thread_blocked, id=5072, stack(0x000000001d4f0000,0x000000001d5f0000)]
  0x000000001cd87800 JavaThread "Stdin handler" [_thread_blocked, id=4592, stack(0x000000001aa60000,0x000000001ab60000)]
  0x000000001cd86800 JavaThread "Cancel handler" [_thread_blocked, id=4852, stack(0x000000001a860000,0x000000001a960000)]
  0x000000001cd89000 JavaThread "Handler for socket connection from /127.0.0.1:1609 to /127.0.0.1:1886" [_thread_in_native, id=6076, stack(0x000000001a760000,0x000000001a860000)]
  0x0000000019e18800 JavaThread "Daemon worker Thread 3" [_thread_in_Java, id=5236, stack(0x000000001a960000,0x000000001aa60000)]
  0x0000000019e1a800 JavaThread "Daemon Thread 3" [_thread_blocked, id=2856, stack(0x000000001a660000,0x000000001a760000)]
  0x000000001da51800 JavaThread "File lock request listener" [_thread_in_native, id=3876, stack(0x000000001c130000,0x000000001c230000)]
  0x0000000018bec800 JavaThread "Incoming local TCP Connector on port 1609" [_thread_in_native, id=6072, stack(0x000000001a360000,0x000000001a460000)]
  0x000000001796d000 JavaThread "Service Thread" daemon [_thread_blocked, id=2356, stack(0x00000000182a0000,0x00000000183a0000)]
=>0x00000000178d4800 JavaThread "C1 CompilerThread3" daemon [_thread_in_native, id=1696, stack(0x00000000181a0000,0x00000000182a0000)]
  0x00000000178cc000 JavaThread "C2 CompilerThread2" daemon [_thread_blocked, id=3172, stack(0x00000000180a0000,0x00000000181a0000)]
  0x00000000178cb000 JavaThread "C2 CompilerThread1" daemon [_thread_blocked, id=852, stack(0x0000000017fa0000,0x00000000180a0000)]
  0x00000000178c8000 JavaThread "C2 CompilerThread0" daemon [_thread_blocked, id=1780, stack(0x0000000017ea0000,0x0000000017fa0000)]
  0x00000000178c7000 JavaThread "Attach Listener" daemon [_thread_blocked, id=2376, stack(0x0000000017da0000,0x0000000017ea0000)]
  0x00000000178c6800 JavaThread "Signal Dispatcher" daemon [_thread_blocked, id=3536, stack(0x0000000017ca0000,0x0000000017da0000)]
  0x0000000002d99800 JavaThread "Finalizer" daemon [_thread_blocked, id=1588, stack(0x00000000177a0000,0x00000000178a0000)]
  0x0000000002d91000 JavaThread "Reference Handler" daemon [_thread_blocked, id=5988, stack(0x00000000176a0000,0x00000000177a0000)]
  0x0000000002b9e000 JavaThread "main" [_thread_blocked, id=5020, stack(0x0000000002ba0000,0x0000000002ca0000)]

Other Threads:
  0x00000000158b9000 VMThread [stack: 0x00000000175a0000,0x00000000176a0000] [id=1912]
  0x0000000017970000 WatcherThread [stack: 0x00000000183a0000,0x00000000184a0000] [id=3708]

VM state:not at safepoint (normal execution)

VM Mutex/Monitor currently owned by a thread: None

Heap:
 PSYoungGen      total 206848K, used 103527K [0x00000000eab00000, 0x00000000fe080000, 0x0000000100000000)
  eden space 94208K, 45% used [0x00000000eab00000,0x00000000ed521a30,0x00000000f0700000)
  from space 112640K, 53% used [0x00000000f0700000,0x00000000f41f8460,0x00000000f7500000)
  to   space 109568K, 0% used [0x00000000f7580000,0x00000000f7580000,0x00000000fe080000)
 ParOldGen       total 114176K, used 95298K [0x00000000c0000000, 0x00000000c6f80000, 0x00000000eab00000)
  object space 114176K, 83% used [0x00000000c0000000,0x00000000c5d10960,0x00000000c6f80000)
 Metaspace       used 116714K, capacity 124646K, committed 124928K, reserved 1155072K
  class space    used 16214K, capacity 18836K, committed 18944K, reserved 1048576K

Card table byte_map: [0x0000000012160000,0x0000000012370000] byte_map_base: 0x0000000011b60000

Marking Bits: (ParMarkBitMap*) 0x000000005a1013b0
 Begin Bits: [0x0000000012cd0000, 0x0000000013cd0000)
 End Bits:   [0x0000000013cd0000, 0x0000000014cd0000)

Polling page: 0x00000000029f0000

CodeCache: size=245760Kb used=36266Kb max_used=36278Kb free=209493Kb
 bounds [0x0000000002da0000, 0x0000000005140000, 0x0000000011da0000]
 total_blobs=11392 nmethods=10661 adapters=643
 compilation: enabled

Compilation events (10 events):
Event: 1286.780 Thread 0x00000000178d4800 12977       3       com.google.common.collect.ArrayListMultimap::get (6 bytes)
Event: 1286.781 Thread 0x00000000178cb000 12979       4       java.io.File::<init> (113 bytes)
Event: 1286.781 Thread 0x00000000178d4800 nmethod 12977 0x000000000512bfd0 code [0x000000000512c1a0, 0x000000000512c948]
Event: 1286.781 Thread 0x00000000178d4800 12978       3       com.android.ide.common.res2.ResourceSet::getDataMap (5 bytes)
Event: 1286.782 Thread 0x00000000178d4800 nmethod 12978 0x000000000512bc90 code [0x000000000512bde0, 0x000000000512bf50]
Event: 1286.787 Thread 0x00000000178d4800 12980       1       com.google.common.collect.AbstractMapBasedMultimap$WrappedCollection::getDelegate (5 bytes)
Event: 1286.787 Thread 0x00000000178c8000 12983       4       com.google.common.collect.AbstractMapBasedMultimap$WrappedCollection::<init> (44 bytes)
Event: 1286.787 Thread 0x00000000178cc000 12984       4       com.google.common.collect.AbstractMapBasedMultimap::wrapCollection (73 bytes)
Event: 1286.788 Thread 0x00000000178c8000 nmethod 12983 0x000000000501d890 code [0x000000000501d9c0, 0x000000000501da78]
Event: 1286.789 Thread 0x00000000178cb000 nmethod 12979 0x000000000512e490 code [0x000000000512e620, 0x000000000512ea00]

GC Heap History (10 events):
Event: 1250.474 GC heap before
{Heap before GC invocations=64 (full 9):
 PSYoungGen      total 195072K, used 169119K [0x00000000eab00000, 0x00000000fea80000, 0x0000000100000000)
  eden space 90624K, 93% used [0x00000000eab00000,0x00000000efe185e8,0x00000000f0380000)
  from space 104448K, 80% used [0x00000000f7280000,0x00000000fc48f678,0x00000000fd880000)
  to   space 113664K, 0% used [0x00000000f0380000,0x00000000f0380000,0x00000000f7280000)
 ParOldGen       total 94208K, used 68063K [0x00000000c0000000, 0x00000000c5c00000, 0x00000000eab00000)
  object space 94208K, 72% used [0x00000000c0000000,0x00000000c4277f58,0x00000000c5c00000)
 Metaspace       used 110127K, capacity 117585K, committed 117888K, reserved 1148928K
  class space    used 15247K, capacity 17712K, committed 17792K, reserved 1048576K
Event: 1250.511 GC heap after
Heap after GC invocations=64 (full 9):
 PSYoungGen      total 204288K, used 80277K [0x00000000eab00000, 0x00000000fef80000, 0x0000000100000000)
  eden space 90624K, 0% used [0x00000000eab00000,0x00000000eab00000,0x00000000f0380000)
  from space 113664K, 70% used [0x00000000f0380000,0x00000000f51e5550,0x00000000f7280000)
  to   space 116224K, 0% used [0x00000000f7e00000,0x00000000f7e00000,0x00000000fef80000)
 ParOldGen       total 94208K, used 68063K [0x00000000c0000000, 0x00000000c5c00000, 0x00000000eab00000)
  object space 94208K, 72% used [0x00000000c0000000,0x00000000c4277f58,0x00000000c5c00000)
 Metaspace       used 110127K, capacity 117585K, committed 117888K, reserved 1148928K
  class space    used 15247K, capacity 17712K, committed 17792K, reserved 1048576K
}
Event: 1250.511 GC heap before
{Heap before GC invocations=65 (full 10):
 PSYoungGen      total 204288K, used 80277K [0x00000000eab00000, 0x00000000fef80000, 0x0000000100000000)
  eden space 90624K, 0% used [0x00000000eab00000,0x00000000eab00000,0x00000000f0380000)
  from space 113664K, 70% used [0x00000000f0380000,0x00000000f51e5550,0x00000000f7280000)
  to   space 116224K, 0% used [0x00000000f7e00000,0x00000000f7e00000,0x00000000fef80000)
 ParOldGen       total 94208K, used 68063K [0x00000000c0000000, 0x00000000c5c00000, 0x00000000eab00000)
  object space 94208K, 72% used [0x00000000c0000000,0x00000000c4277f58,0x00000000c5c00000)
 Metaspace       used 110127K, capacity 117585K, committed 117888K, reserved 1148928K
  class space    used 15247K, capacity 17712K, committed 17792K, reserved 1048576K
Event: 1251.053 GC heap after
Heap after GC invocations=65 (full 10):
 PSYoungGen      total 204288K, used 44875K [0x00000000eab00000, 0x00000000fef80000, 0x0000000100000000)
  eden space 90624K, 0% used [0x00000000eab00000,0x00000000eab00000,0x00000000f0380000)
  from space 113664K, 39% used [0x00000000f0380000,0x00000000f2f52fd0,0x00000000f7280000)
  to   space 116224K, 0% used [0x00000000f7e00000,0x00000000f7e00000,0x00000000fef80000)
 ParOldGen       total 94208K, used 93910K [0x00000000c0000000, 0x00000000c5c00000, 0x00000000eab00000)
  object space 94208K, 99% used [0x00000000c0000000,0x00000000c5bb5810,0x00000000c5c00000)
 Metaspace       used 109955K, capacity 117015K, committed 117888K, reserved 1148928K
  class space    used 15206K, capacity 17542K, committed 17792K, reserved 1048576K
}
Event: 1283.821 GC heap before
{Heap before GC invocations=66 (full 11):
 PSYoungGen      total 204288K, used 135499K [0x00000000eab00000, 0x00000000fef80000, 0x0000000100000000)
  eden space 90624K, 100% used [0x00000000eab00000,0x00000000f0380000,0x00000000f0380000)
  from space 113664K, 39% used [0x00000000f0380000,0x00000000f2f52fd0,0x00000000f7280000)
  to   space 116224K, 0% used [0x00000000f7e00000,0x00000000f7e00000,0x00000000fef80000)
 ParOldGen       total 94208K, used 93910K [0x00000000c0000000, 0x00000000c5c00000, 0x00000000eab00000)
  object space 94208K, 99% used [0x00000000c0000000,0x00000000c5bb5810,0x00000000c5c00000)
 Metaspace       used 112277K, capacity 119853K, committed 119936K, reserved 1150976K
  class space    used 15494K, capacity 18014K, committed 18048K, reserved 1048576K
Event: 1284.454 GC heap after
Heap after GC invocations=66 (full 11):
 PSYoungGen      total 204288K, used 48418K [0x00000000eab00000, 0x00000000fef80000, 0x0000000100000000)
  eden space 90624K, 53% used [0x00000000eab00000,0x00000000eda48a80,0x00000000f0380000)
  from space 113664K, 0% used [0x00000000f0380000,0x00000000f0380000,0x00000000f7280000)
  to   space 116224K, 0% used [0x00000000f7e00000,0x00000000f7e00000,0x00000000fef80000)
 ParOldGen       total 114176K, used 94206K [0x00000000c0000000, 0x00000000c6f80000, 0x00000000eab00000)
  object space 114176K, 82% used [0x00000000c0000000,0x00000000c5bff910,0x00000000c6f80000)
 Metaspace       used 112277K, capacity 119853K, committed 119936K, reserved 1150976K
  class space    used 15494K, capacity 18014K, committed 18048K, reserved 1048576K
}
Event: 1284.744 GC heap before
{Heap before GC invocations=67 (full 11):
 PSYoungGen      total 204288K, used 90624K [0x00000000eab00000, 0x00000000fef80000, 0x0000000100000000)
  eden space 90624K, 100% used [0x00000000eab00000,0x00000000f0380000,0x00000000f0380000)
  from space 113664K, 0% used [0x00000000f0380000,0x00000000f0380000,0x00000000f7280000)
  to   space 116224K, 0% used [0x00000000f7e00000,0x00000000f7e00000,0x00000000fef80000)
 ParOldGen       total 114176K, used 94206K [0x00000000c0000000, 0x00000000c6f80000, 0x00000000eab00000)
  object space 114176K, 82% used [0x00000000c0000000,0x00000000c5bff910,0x00000000c6f80000)
 Metaspace       used 113705K, capacity 121379K, committed 121600K, reserved 1153024K
  class space    used 15722K, capacity 18307K, committed 18432K, reserved 1048576K
Event: 1284.774 GC heap after
Heap after GC invocations=67 (full 11):
 PSYoungGen      total 197632K, used 51559K [0x00000000eab00000, 0x00000000fe300000, 0x0000000100000000)
  eden space 94208K, 0% used [0x00000000eab00000,0x00000000eab00000,0x00000000f0700000)
  from space 103424K, 49% used [0x00000000f7e00000,0x00000000fb059e98,0x00000000fe300000)
  to   space 112640K, 0% used [0x00000000f0700000,0x00000000f0700000,0x00000000f7500000)
 ParOldGen       total 114176K, used 95298K [0x00000000c0000000, 0x00000000c6f80000, 0x00000000eab00000)
  object space 114176K, 83% used [0x00000000c0000000,0x00000000c5d10960,0x00000000c6f80000)
 Metaspace       used 113705K, capacity 121379K, committed 121600K, reserved 1153024K
  class space    used 15722K, capacity 18307K, committed 18432K, reserved 1048576K
}
Event: 1286.386 GC heap before
{Heap before GC invocations=68 (full 11):
 PSYoungGen      total 197632K, used 145767K [0x00000000eab00000, 0x00000000fe300000, 0x0000000100000000)
  eden space 94208K, 100% used [0x00000000eab00000,0x00000000f0700000,0x00000000f0700000)
  from space 103424K, 49% used [0x00000000f7e00000,0x00000000fb059e98,0x00000000fe300000)
  to   space 112640K, 0% used [0x00000000f0700000,0x00000000f0700000,0x00000000f7500000)
 ParOldGen       total 114176K, used 95298K [0x00000000c0000000, 0x00000000c6f80000, 0x00000000eab00000)
  object space 114176K, 83% used [0x00000000c0000000,0x00000000c5d10960,0x00000000c6f80000)
 Metaspace       used 115904K, capacity 123806K, committed 124032K, reserved 1155072K
  class space    used 16095K, capacity 18701K, committed 18816K, reserved 1048576K
Event: 1286.412 GC heap after
Heap after GC invocations=68 (full 11):
 PSYoungGen      total 206848K, used 60385K [0x00000000eab00000, 0x00000000fe080000, 0x0000000100000000)
  eden space 94208K, 0% used [0x00000000eab00000,0x00000000eab00000,0x00000000f0700000)
  from space 112640K, 53% used [0x00000000f0700000,0x00000000f41f8460,0x00000000f7500000)
  to   space 109568K, 0% used [0x00000000f7580000,0x00000000f7580000,0x00000000fe080000)
 ParOldGen       total 114176K, used 95298K [0x00000000c0000000, 0x00000000c6f80000, 0x00000000eab00000)
  object space 114176K, 83% used [0x00000000c0000000,0x00000000c5d10960,0x00000000c6f80000)
 Metaspace       used 115904K, capacity 123806K, committed 124032K, reserved 1155072K
  class space    used 16095K, capacity 18701K, committed 18816K, reserved 1048576K
}

Deoptimization events (10 events):
Event: 1249.942 Thread 0x0000000019e18800 Uncommon trap: reason=class_check action=maybe_recompile pc=0x0000000004f7067c method=com.android.utils.XmlUtils.append(Ljava/lang/StringBuilder;Lorg/w3c/dom/Node;I)V @ 252
Event: 1249.942 Thread 0x0000000019e18800 Uncommon trap: reason=class_check action=maybe_recompile pc=0x0000000004f7067c method=com.android.utils.XmlUtils.append(Ljava/lang/StringBuilder;Lorg/w3c/dom/Node;I)V @ 252
Event: 1249.942 Thread 0x0000000019e18800 Uncommon trap: reason=class_check action=maybe_recompile pc=0x0000000004f7067c method=com.android.utils.XmlUtils.append(Ljava/lang/StringBuilder;Lorg/w3c/dom/Node;I)V @ 252
Event: 1251.063 Thread 0x0000000019e1a800 Uncommon trap: reason=array_check action=maybe_recompile pc=0x00000000033f95ec method=java.util.ComparableTimSort.binarySort([Ljava/lang/Object;III)V @ 193
Event: 1283.646 Thread 0x0000000019e18800 Uncommon trap: reason=null_check action=make_not_entrant pc=0x0000000005009084 method=com.google.common.reflect.TypeResolver$TypeMappingIntrospector.visitParameterizedType(Ljava/lang/reflect/ParameterizedType;)V @ 100
Event: 1283.647 Thread 0x0000000019e18800 Uncommon trap: reason=null_check action=make_not_entrant pc=0x0000000005009084 method=com.google.common.reflect.TypeResolver$TypeMappingIntrospector.visitParameterizedType(Ljava/lang/reflect/ParameterizedType;)V @ 100
Event: 1284.602 Thread 0x0000000019e18800 Uncommon trap: reason=array_check action=maybe_recompile pc=0x00000000033f95ec method=java.util.ComparableTimSort.binarySort([Ljava/lang/Object;III)V @ 193
Event: 1286.778 Thread 0x0000000019e18800 Uncommon trap: reason=null_check action=make_not_entrant pc=0x000000000512996c method=com.google.common.collect.AbstractMapBasedMultimap$WrappedCollection.refreshIfEmpty()V @ 64
Event: 1286.781 Thread 0x0000000019e18800 Uncommon trap: reason=null_check action=make_not_entrant pc=0x0000000005126cd4 method=com.google.common.collect.AbstractMapBasedMultimap$WrappedCollection.refreshIfEmpty()V @ 64
Event: 1286.783 Thread 0x0000000019e1b800 Uncommon trap: reason=unreached action=reinterpret pc=0x0000000004b22c08 method=java.util.WeakHashMap.remove(Ljava/lang/Object;)Ljava/lang/Object; @ 94

Internal exceptions (10 events):
Event: 1286.774 Thread 0x0000000019e18800 Exception <a 'java/security/PrivilegedActionException'> (0x00000000ec38dd88) thrown at [D:\re\workspace\8-2-build-windows-amd64-cygwin\jdk8u5\2488\hotspot\src\share\vm\prims\jvm.cpp, line 1248]
Event: 1286.774 Thread 0x0000000019e18800 Exception <a 'java/security/PrivilegedActionException'> (0x00000000ec395b28) thrown at [D:\re\workspace\8-2-build-windows-amd64-cygwin\jdk8u5\2488\hotspot\src\share\vm\prims\jvm.cpp, line 1248]
Event: 1286.774 Thread 0x0000000019e18800 Exception <a 'java/security/PrivilegedActionException'> (0x00000000ec3a14b0) thrown at [D:\re\workspace\8-2-build-windows-amd64-cygwin\jdk8u5\2488\hotspot\src\share\vm\prims\jvm.cpp, line 1248]
Event: 1286.775 Thread 0x0000000019e18800 Exception <a 'java/security/PrivilegedActionException'> (0x00000000ec3a6118) thrown at [D:\re\workspace\8-2-build-windows-amd64-cygwin\jdk8u5\2488\hotspot\src\share\vm\prims\jvm.cpp, line 1248]
Event: 1286.775 Thread 0x0000000019e18800 Exception <a 'java/lang/ClassNotFoundException': com/android/ide/common/res2/MergedResourceWriterBeanInfo> (0x00000000ec3a6818) thrown at [D:\re\workspace\8-2-build-windows-amd64-cygwin\jdk8u5\2488\hotspot\src\share\vm\classfile\systemDictionary.cpp, line 
Event: 1286.775 Thread 0x0000000019e18800 Exception <a 'java/security/PrivilegedActionException'> (0x00000000ec3ab7f0) thrown at [D:\re\workspace\8-2-build-windows-amd64-cygwin\jdk8u5\2488\hotspot\src\share\vm\prims\jvm.cpp, line 1248]
Event: 1286.775 Thread 0x0000000019e18800 Exception <a 'java/security/PrivilegedActionException'> (0x00000000ec3b0478) thrown at [D:\re\workspace\8-2-build-windows-amd64-cygwin\jdk8u5\2488\hotspot\src\share\vm\prims\jvm.cpp, line 1248]
Event: 1286.775 Thread 0x0000000019e18800 Exception <a 'java/lang/ClassNotFoundException': com/android/ide/common/res2/MergedResourceWriterCustomizer> (0x00000000ec3b0b80) thrown at [D:\re\workspace\8-2-build-windows-amd64-cygwin\jdk8u5\2488\hotspot\src\share\vm\classfile\systemDictionary.cpp, lin«ATk”@
Event: 1286.778 Thread 0x0000000019e18800 Implicit null exception at 0x00000000051298cb to 0x0000000005129961
Event: 1286.781 Thread 0x0000000019e18800 Implicit null exception at 0x0000000005126bdf to 0x0000000005126cc5

Events (10 events):
Event: 1286.785 Executing VM operation: RevokeBias
Event: 1286.786 Executing VM operation: RevokeBias done
Event: 1286.787 Thread 0x0000000019e20800 Thread added: 0x0000000019e20800
Event: 1286.787 Thread 0x0000000019e1d800 Thread added: 0x0000000019e1d800
Event: 1286.787 Thread 0x0000000019e23800 Thread added: 0x0000000019e23800
Event: 1286.787 Thread 0x0000000019e23000 Thread added: 0x0000000019e23000
Event: 1286.787 Thread 0x0000000019e24800 Thread added: 0x0000000019e24800
Event: 1286.787 Thread 0x0000000019e21800 Thread added: 0x0000000019e21800
Event: 1286.788 Thread 0x0000000019e22000 Thread added: 0x0000000019e22000
Event: 1286.788 Thread 0x000000001cd88000 Thread added: 0x000000001cd88000


Dynamic libraries:
0x00007ff685fc0000 - 0x00007ff685ff4000 	C:\Program Files\Java\jdk1.8.0_05\bin\java.exe
0x00007ffe5d810000 - 0x00007ffe5d9b9000 	C:\Windows\SYSTEM32\ntdll.dll
0x00007ffe5d2c0000 - 0x00007ffe5d3f9000 	C:\Windows\system32\KERNEL32.DLL
0x00007ffe5ad00000 - 0x00007ffe5ae0e000 	C:\Windows\system32\KERNELBASE.dll
0x00007ffe597c0000 - 0x00007ffe5984b000 	C:\Windows\system32\apphelp.dll
0x00007ffe54ee0000 - 0x00007ffe54f2c000 	C:\Windows\AppPatch\AppPatch64\AcGenral.DLL
0x00007ffe5b300000 - 0x00007ffe5b3a7000 	C:\Windows\system32\msvcrt.dll
0x00007ffe5a970000 - 0x00007ffe5a99b000 	C:\Windows\SYSTEM32\SspiCli.dll
0x00007ffe5b0a0000 - 0x00007ffe5b0f1000 	C:\Windows\system32\SHLWAPI.dll
0x00007ffe5d120000 - 0x00007ffe5d291000 	C:\Windows\system32\USER32.dll
0x00007ffe5d400000 - 0x00007ffe5d576000 	C:\Windows\system32\ole32.dll
0x00007ffe5b5b0000 - 0x00007ffe5c9bf000 	C:\Windows\system32\SHELL32.dll
0x00007ffe5a1a0000 - 0x00007ffe5a1bf000 	C:\Windows\SYSTEM32\USERENV.dll
0x00007ffe5d760000 - 0x00007ffe5d805000 	C:\Windows\system32\ADVAPI32.dll
0x00007ffe4fab0000 - 0x00007ffe4facb000 	C:\Windows\SYSTEM32\MPR.dll
0x00007ffe5b470000 - 0x00007ffe5b5a6000 	C:\Windows\system32\RPCRT4.dll
0x00007ffe5cb30000 - 0x00007ffe5cb87000 	C:\Windows\SYSTEM32\sechost.dll
0x00007ffe5cd90000 - 0x00007ffe5cf67000 	C:\Windows\SYSTEM32\combase.dll
0x00007ffe5cc00000 - 0x00007ffe5cd45000 	C:\Windows\system32\GDI32.dll
0x00007ffe5ab90000 - 0x00007ffe5aba4000 	C:\Windows\SYSTEM32\profapi.dll
0x00007ffe59220000 - 0x00007ffe592c1000 	C:\Windows\SYSTEM32\SHCORE.dll
0x00007ffe5cd50000 - 0x00007ffe5cd84000 	C:\Windows\system32\IMM32.DLL
0x00007ffe5cf70000 - 0x00007ffe5d0a8000 	C:\Windows\system32\MSCTF.dll
0x00007ffe58a20000 - 0x00007ffe58c7a000 	C:\Windows\WinSxS\amd64_microsoft.windows.common-controls_6595b64144ccf1df_6.0.9600.16384_none_62475f7becb72503\COMCTL32.dll
0x0000000058b20000 - 0x0000000058bf2000 	C:\Program Files\Java\jdk1.8.0_05\jre\bin\msvcr100.dll
0x0000000059950000 - 0x000000005a17a000 	C:\Program Files\Java\jdk1.8.0_05\jre\bin\server\jvm.dll
0x00007ffe46df0000 - 0x00007ffe46df9000 	C:\Windows\SYSTEM32\WSOCK32.dll
0x00007ffe4f990000 - 0x00007ffe4f9af000 	C:\Windows\SYSTEM32\WINMM.dll
0x00007ffe5c9c0000 - 0x00007ffe5c9c7000 	C:\Windows\system32\PSAPI.DLL
0x00007ffe5d0c0000 - 0x00007ffe5d118000 	C:\Windows\system32\WS2_32.dll
0x00007ffe4f960000 - 0x00007ffe4f98a000 	C:\Windows\SYSTEM32\WINMMBASE.dll
0x00007ffe5cb20000 - 0x00007ffe5cb29000 	C:\Windows\system32\NSI.dll
0x00007ffe5acb0000 - 0x00007ffe5acfa000 	C:\Windows\SYSTEM32\cfgmgr32.dll
0x00007ffe59a10000 - 0x00007ffe59a36000 	C:\Windows\SYSTEM32\DEVOBJ.dll
0x0000000059940000 - 0x000000005994f000 	C:\Program Files\Java\jdk1.8.0_05\jre\bin\verify.dll
0x0000000059910000 - 0x0000000059938000 	C:\Program Files\Java\jdk1.8.0_05\jre\bin\java.dll
0x00000000598f0000 - 0x0000000059906000 	C:\Program Files\Java\jdk1.8.0_05\jre\bin\zip.dll
0x00007ffe5a450000 - 0x00007ffe5a46e000 	C:\Windows\SYSTEM32\CRYPTSP.dll
0x00007ffe5a090000 - 0x00007ffe5a0c5000 	C:\Windows\system32\rsaenh.dll
0x00007ffe5a680000 - 0x00007ffe5a6a6000 	C:\Windows\SYSTEM32\bcrypt.dll
0x00007ffe5a9a0000 - 0x00007ffe5a9fe000 	C:\Windows\system32\bcryptprimitives.dll
0x00007ffe5aa00000 - 0x00007ffe5aa0a000 	C:\Windows\SYSTEM32\CRYPTBASE.dll
0x00000000596e0000 - 0x00000000596fa000 	C:\Program Files\Java\jdk1.8.0_05\jre\bin\net.dll
0x00007ffe5a3f0000 - 0x00007ffe5a448000 	C:\Windows\system32\mswsock.dll
0x00007ffe56020000 - 0x00007ffe56049000 	C:\Windows\SYSTEM32\IPHLPAPI.DLL
0x00007ffe56010000 - 0x00007ffe5601a000 	C:\Windows\SYSTEM32\WINNSI.DLL
0x00007ffe55c50000 - 0x00007ffe55c64000 	C:\Windows\SYSTEM32\dhcpcsvc6.DLL
0x00007ffe55b90000 - 0x00007ffe55ba9000 	C:\Windows\SYSTEM32\dhcpcsvc.DLL
0x00000000596c0000 - 0x00000000596d1000 	C:\Program Files\Java\jdk1.8.0_05\jre\bin\nio.dll
0x00007ffe534b0000 - 0x00007ffe534c2000 	C:\Users\Deepak\AppData\Local\Temp\native-platform3126880579009303410dir\native-platform.dll
0x00000000594f0000 - 0x0000000059514000 	C:\Program Files\Java\jdk1.8.0_05\jre\bin\sunec.dll
0x00007ffe5a200000 - 0x00007ffe5a2a3000 	C:\Windows\SYSTEM32\DNSAPI.dll
0x000000005aa30000 - 0x000000005aa56000 	C:\Program Files\Bonjour\mdnsNSP.dll
0x00007ffe53860000 - 0x00007ffe53869000 	C:\Windows\System32\rasadhlp.dll
0x00007ffe55f00000 - 0x00007ffe55f67000 	C:\Windows\System32\fwpuclnt.dll
0x00007ffe50bd0000 - 0x00007ffe50be4000 	C:\Windows\system32\napinsp.dll
0x00007ffe50ca0000 - 0x00007ffe50cb9000 	C:\Windows\system32\pnrpnsp.dll
0x00007ffe582e0000 - 0x00007ffe582f9000 	C:\Windows\system32\NLAapi.dll
0x00007ffe50d00000 - 0x00007ffe50d0c000 	C:\Windows\System32\winrnr.dll
0x00007ffe47420000 - 0x00007ffe475a8000 	C:\Windows\SYSTEM32\dbghelp.dll

VM Arguments:
jvm_args: -XX:MaxPermSize=256m -XX:+HeapDumpOnOutOfMemoryError -Xmx1024m -Dfile.encoding=windows-1252 -Duser.country=IN -Duser.language=en -Duser.variant 
java_command: org.gradle.launcher.daemon.bootstrap.GradleDaemon 2.2.1 C:\Users\Deepak\.gradle\daemon 10800000 c112862c-0dcd-41b4-b7cc-df93f5a61930 -XX:MaxPermSize=256m -XX:+HeapDumpOnOutOfMemoryError -Xmx1024m -Dfile.encoding=windows-1252 -Duser.country=IN -Duser.language=en -Duser.variant
java_class_path (initial): C:\Program Files\Android\Android Studio\gradle\gradle-2.2.1\lib\gradle-launcher-2.2.1.jar
Launcher Type: SUN_STANDARD

Environment Variables:
JAVA_HOME=C:\Program Files\Java\jdk1.8.0_05
PATH=C:\ProgramData\Oracle\Java\javapath;C:\Windows\system32;C:\Windows;C:\Windows\System32\Wbem;C:\Windows\System32\WindowsPowerShell\v1.0\;C:\Program Files (x86)\ATI Technologies\ATI.ACE\Core-Static;C:\Program Files (x86)\AMD\ATI.ACE\Core-Static;C:\Python34;C:\Program Files\Java\jdk1.8.0_05\bin;C:\Program Files\Java\jre8\bin;C:\Program Files (x86)\Windows Kits\8.1\Windows Performance Toolkit\;C:\Program Files\Microsoft SQL Server\110\Tools\Binn\;C:\Program Files (x86)\Microsoft SDKs\TypeScript\1.0\
USERNAME=Deepak
OS=Windows_NT
PROCESSOR_IDENTIFIER=AMD64 Family 21 Model 2 Stepping 0, AuthenticAMD



---------------  S Y S T E M  ---------------

OS: Windows 8.1 , 64 bit Build 9600 

CPU:total 8 (8 cores per cpu, 1 threads per core) family 21 model 2 stepping 0, cmov, cx8, fxsr, mmx, sse, sse2, sse3, ssse3, sse4.1, sse4.2, popcnt, avx, aes, clmul, mmxext, 3dnowpref, lzcnt, sse4a, tsc, tscinvbit

Memory: 4k page, physical 8286064k(3047340k free), swap 10514288k(4292764k free)

vm_info: Java HotSpot(TM) 64-Bit Server VM (25.5-b02) for windows-amd64 JRE (1.8.0_05-b13), built on Mar 18 2014 01:08:39 by "java_re" with MS VC++ 10.0 (VS2010)

time: Thu Feb 19 07:45:21 2015
elapsed time: 1286 seconds

